<?xml version="1.0" encoding="UTF-8"?>
<!-- Generated by org.testng.reporters.JUnitReportReporter -->
<testsuite hostname="Ashwins-MacBook-Pro.local" failures="0" tests="2" name="com.testCases.AutomationTest" time="8.774" errors="0" timestamp="2021-09-29T20:50:20 IST" skipped="0">
  <testcase classname="com.testCases.AutomationTest" name="searchFlights" time="5.627"/>
  <system-out/>
  <testcase classname="com.testCases.AutomationTest" name="fetchDestinationCities" time="3.147"/>
  <system-out/>
</testsuite> <!-- com.testCases.AutomationTest -->
